2023-02-08T23:19:13+00:00 CRITICAL Uncaught Error: Call to undefined method WC_Cart::get_items() in C:\Users\racic\Local Sites\comesebebes\app\public\wp-content\themes\comes-bebes\page-home.php:7
Stack trace:
#0 C:\Users\racic\Local Sites\comesebebes\app\public\wp-includes\template-loader.php(106): include()
#1 C:\Users\racic\Local Sites\comesebebes\app\public\wp-blog-header.php(19): require_once('C:\\Users\\racic\\...')
#2 C:\Users\racic\Local Sites\comesebebes\app\public\index.php(17): require('C:\\Users\\racic\\...')
#3 {main}
  thrown, em C:\Users\racic\Local Sites\comesebebes\app\public\wp-content\themes\comes-bebes\page-home.php, na linha 7

2023-02-08T23:25:48+00:00 CRITICAL Uncaught Error: Call to a member function get_name() on array in C:\Users\racic\Local Sites\comesebebes\app\public\wp-content\themes\comes-bebes\page-home.php:10
Stack trace:
#0 C:\Users\racic\Local Sites\comesebebes\app\public\wp-includes\template-loader.php(106): include()
#1 C:\Users\racic\Local Sites\comesebebes\app\public\wp-blog-header.php(19): require_once('C:\\Users\\racic\\...')
#2 C:\Users\racic\Local Sites\comesebebes\app\public\index.php(17): require('C:\\Users\\racic\\...')
#3 {main}
  thrown, em C:\Users\racic\Local Sites\comesebebes\app\public\wp-content\themes\comes-bebes\page-home.php, na linha 10

2023-02-08T23:26:06+00:00 CRITICAL Unclosed '{' on line 9, em C:\Users\racic\Local Sites\comesebebes\app\public\wp-content\themes\comes-bebes\page-home.php, na linha 156

2023-02-08T23:26:12+00:00 CRITICAL syntax error, unexpected token "}", em C:\Users\racic\Local Sites\comesebebes\app\public\wp-content\themes\comes-bebes\page-home.php, na linha 11

2023-02-08T23:27:01+00:00 CRITICAL Uncaught Error: Call to a member function get_data() on array in C:\Users\racic\Local Sites\comesebebes\app\public\wp-content\themes\comes-bebes\page-home.php:10
Stack trace:
#0 C:\Users\racic\Local Sites\comesebebes\app\public\wp-includes\template-loader.php(106): include()
#1 C:\Users\racic\Local Sites\comesebebes\app\public\wp-blog-header.php(19): require_once('C:\\Users\\racic\\...')
#2 C:\Users\racic\Local Sites\comesebebes\app\public\index.php(17): require('C:\\Users\\racic\\...')
#3 {main}
  thrown, em C:\Users\racic\Local Sites\comesebebes\app\public\wp-content\themes\comes-bebes\page-home.php, na linha 10

2023-02-08T23:29:28+00:00 CRITICAL Uncaught Error: Call to a member function get_item_data() on array in C:\Users\racic\Local Sites\comesebebes\app\public\wp-content\themes\comes-bebes\page-home.php:13
Stack trace:
#0 C:\Users\racic\Local Sites\comesebebes\app\public\wp-includes\template-loader.php(106): include()
#1 C:\Users\racic\Local Sites\comesebebes\app\public\wp-blog-header.php(19): require_once('C:\\Users\\racic\\...')
#2 C:\Users\racic\Local Sites\comesebebes\app\public\index.php(17): require('C:\\Users\\racic\\...')
#3 {main}
  thrown, em C:\Users\racic\Local Sites\comesebebes\app\public\wp-content\themes\comes-bebes\page-home.php, na linha 13

2023-02-08T23:29:36+00:00 CRITICAL Uncaught Error: Call to a member function get_item_data() on array in C:\Users\racic\Local Sites\comesebebes\app\public\wp-content\themes\comes-bebes\page-home.php:13
Stack trace:
#0 C:\Users\racic\Local Sites\comesebebes\app\public\wp-includes\template-loader.php(106): include()
#1 C:\Users\racic\Local Sites\comesebebes\app\public\wp-blog-header.php(19): require_once('C:\\Users\\racic\\...')
#2 C:\Users\racic\Local Sites\comesebebes\app\public\index.php(17): require('C:\\Users\\racic\\...')
#3 {main}
  thrown, em C:\Users\racic\Local Sites\comesebebes\app\public\wp-content\themes\comes-bebes\page-home.php, na linha 13

2023-02-08T23:29:57+00:00 CRITICAL Uncaught Error: Call to a member function get_item_data() on array in C:\Users\racic\Local Sites\comesebebes\app\public\wp-content\themes\comes-bebes\page-home.php:8
Stack trace:
#0 C:\Users\racic\Local Sites\comesebebes\app\public\wp-includes\template-loader.php(106): include()
#1 C:\Users\racic\Local Sites\comesebebes\app\public\wp-blog-header.php(19): require_once('C:\\Users\\racic\\...')
#2 C:\Users\racic\Local Sites\comesebebes\app\public\index.php(17): require('C:\\Users\\racic\\...')
#3 {main}
  thrown, em C:\Users\racic\Local Sites\comesebebes\app\public\wp-content\themes\comes-bebes\page-home.php, na linha 8

2023-02-08T23:30:03+00:00 CRITICAL Uncaught Error: Call to a member function get_item_data() on array in C:\Users\racic\Local Sites\comesebebes\app\public\wp-content\themes\comes-bebes\page-home.php:8
Stack trace:
#0 C:\Users\racic\Local Sites\comesebebes\app\public\wp-includes\template-loader.php(106): include()
#1 C:\Users\racic\Local Sites\comesebebes\app\public\wp-blog-header.php(19): require_once('C:\\Users\\racic\\...')
#2 C:\Users\racic\Local Sites\comesebebes\app\public\index.php(17): require('C:\\Users\\racic\\...')
#3 {main}
  thrown, em C:\Users\racic\Local Sites\comesebebes\app\public\wp-content\themes\comes-bebes\page-home.php, na linha 8

2023-02-08T23:30:40+00:00 CRITICAL Uncaught ArgumentCountError: Too few arguments to function WC_Cart::get_item_data(), 0 passed in C:\Users\racic\Local Sites\comesebebes\app\public\wp-content\themes\comes-bebes\page-home.php on line 8 and at least 1 expected in C:\Users\racic\Local Sites\comesebebes\app\public\wp-content\plugins\woocommerce\includes\class-wc-cart.php:806
Stack trace:
#0 C:\Users\racic\Local Sites\comesebebes\app\public\wp-content\themes\comes-bebes\page-home.php(8): WC_Cart->get_item_data()
#1 C:\Users\racic\Local Sites\comesebebes\app\public\wp-includes\template-loader.php(106): include('C:\\Users\\racic\\...')
#2 C:\Users\racic\Local Sites\comesebebes\app\public\wp-blog-header.php(19): require_once('C:\\Users\\racic\\...')
#3 C:\Users\racic\Local Sites\comesebebes\app\public\index.php(17): require('C:\\Users\\racic\\...')
#4 {main}
  thrown, em C:\Users\racic\Local Sites\comesebebes\app\public\wp-content\plugins\woocommerce\includes\class-wc-cart.php, na linha 806

2023-02-08T23:31:13+00:00 CRITICAL Uncaught Error: Call to a member function is_type() on null in C:\Users\racic\Local Sites\comesebebes\app\public\wp-content\plugins\woocommerce\includes\wc-template-functions.php:3708
Stack trace:
#0 C:\Users\racic\Local Sites\comesebebes\app\public\wp-content\plugins\woocommerce\includes\class-wc-cart.php(809): wc_get_formatted_cart_item_data(1, false)
#1 C:\Users\racic\Local Sites\comesebebes\app\public\wp-content\themes\comes-bebes\page-home.php(8): WC_Cart->get_item_data(1)
#2 C:\Users\racic\Local Sites\comesebebes\app\public\wp-includes\template-loader.php(106): include('C:\\Users\\racic\\...')
#3 C:\Users\racic\Local Sites\comesebebes\app\public\wp-blog-header.php(19): require_once('C:\\Users\\racic\\...')
#4 C:\Users\racic\Local Sites\comesebebes\app\public\index.php(17): require('C:\\Users\\racic\\...')
#5 {main}
  thrown, em C:\Users\racic\Local Sites\comesebebes\app\public\wp-content\plugins\woocommerce\includes\wc-template-functions.php, na linha 3708

2023-02-08T23:37:07+00:00 CRITICAL Uncaught Error: Call to a member function get_id() on null in C:\Users\racic\Local Sites\comesebebes\app\public\wp-content\themes\comes-bebes\page-home.php:13
Stack trace:
#0 C:\Users\racic\Local Sites\comesebebes\app\public\wp-includes\template-loader.php(106): include()
#1 C:\Users\racic\Local Sites\comesebebes\app\public\wp-blog-header.php(19): require_once('C:\\Users\\racic\\...')
#2 C:\Users\racic\Local Sites\comesebebes\app\public\index.php(17): require('C:\\Users\\racic\\...')
#3 {main}
  thrown, em C:\Users\racic\Local Sites\comesebebes\app\public\wp-content\themes\comes-bebes\page-home.php, na linha 13

2023-02-08T23:42:47+00:00 CRITICAL syntax error, unexpected variable "$price", expecting "," or ";", em C:\Users\racic\Local Sites\comesebebes\app\public\wp-content\themes\comes-bebes\footer.php, na linha 66

2023-02-08T23:43:01+00:00 CRITICAL syntax error, unexpected variable "$price", expecting "," or ";", em C:\Users\racic\Local Sites\comesebebes\app\public\wp-content\themes\comes-bebes\footer.php, na linha 66

2023-02-08T23:43:31+00:00 CRITICAL syntax error, unexpected token "}", expecting "," or ";", em C:\Users\racic\Local Sites\comesebebes\app\public\wp-content\themes\comes-bebes\footer.php, na linha 68

2023-02-08T23:43:47+00:00 CRITICAL syntax error, unexpected variable "$price", expecting "," or ";", em C:\Users\racic\Local Sites\comesebebes\app\public\wp-content\themes\comes-bebes\footer.php, na linha 67

2023-02-08T23:43:48+00:00 CRITICAL syntax error, unexpected variable "$price", expecting "," or ";", em C:\Users\racic\Local Sites\comesebebes\app\public\wp-content\themes\comes-bebes\footer.php, na linha 67

