2023-02-10T00:12:51+00:00 CRITICAL Uncaught Error: Call to a member function get_category_ids() on array in C:\Users\racic\Local Sites\comesebebes\app\public\wp-content\themes\comes-bebes\woocommerce\single-product\related.php:33
Stack trace:
#0 C:\Users\racic\Local Sites\comesebebes\app\public\wp-content\plugins\woocommerce\includes\wc-core-functions.php(345): include()
#1 C:\Users\racic\Local Sites\comesebebes\app\public\wp-content\plugins\woocommerce\includes\wc-template-functions.php(2138): wc_get_template('single-product/...', Array)
#2 C:\Users\racic\Local Sites\comesebebes\app\public\wp-content\plugins\woocommerce\includes\wc-template-functions.php(2100): woocommerce_related_products(Array)
#3 C:\Users\racic\Local Sites\comesebebes\app\public\wp-includes\class-wp-hook.php(308): woocommerce_output_related_products('')
#4 C:\Users\racic\Local Sites\comesebebes\app\public\wp-includes\class-wp-hook.php(332): WP_Hook->apply_filters(NULL, Array)
#5 C:\Users\racic\Local Sites\comesebebes\app\public\wp-includes\plugin.php(517): WP_Hook->do_action(Array)
#6 C:\Users\racic\Local Sites\comesebebes\app\public\wp-content\themes\comes-bebes\woocommerce\content-single-product.php(117): do_action('woocommerce_aft...')
#7 C:\Users\racic\Local Sites\comesebebes\app\public\wp-includes\template.php(785): require('C:\\Users\\racic\\...')
#8 C:\Users\racic\Local Sites\comesebebes\app\public\wp-content\plugins\woocommerce\includes\wc-core-functions.php(284): load_template('C:\\Users\\racic\\...', false)
#9 C:\Users\racic\Local Sites\comesebebes\app\public\wp-content\themes\comes-bebes\woocommerce\single-product.php(38): wc_get_template_part('content', 'single-product')
#10 C:\Users\racic\Local Sites\comesebebes\app\public\wp-includes\template-loader.php(106): include('C:\\Users\\racic\\...')
#11 C:\Users\racic\Local Sites\comesebebes\app\public\wp-blog-header.php(19): require_once('C:\\Users\\racic\\...')
#12 C:\Users\racic\Local Sites\comesebebes\app\public\index.php(17): require('C:\\Users\\racic\\...')
#13 {main}
  thrown, em C:\Users\racic\Local Sites\comesebebes\app\public\wp-content\themes\comes-bebes\woocommerce\single-product\related.php, na linha 33

2023-02-10T00:13:27+00:00 CRITICAL Uncaught Error: Call to a member function get_category() on array in C:\Users\racic\Local Sites\comesebebes\app\public\wp-content\themes\comes-bebes\woocommerce\single-product\related.php:33
Stack trace:
#0 C:\Users\racic\Local Sites\comesebebes\app\public\wp-content\plugins\woocommerce\includes\wc-core-functions.php(345): include()
#1 C:\Users\racic\Local Sites\comesebebes\app\public\wp-content\plugins\woocommerce\includes\wc-template-functions.php(2138): wc_get_template('single-product/...', Array)
#2 C:\Users\racic\Local Sites\comesebebes\app\public\wp-content\plugins\woocommerce\includes\wc-template-functions.php(2100): woocommerce_related_products(Array)
#3 C:\Users\racic\Local Sites\comesebebes\app\public\wp-includes\class-wp-hook.php(308): woocommerce_output_related_products('')
#4 C:\Users\racic\Local Sites\comesebebes\app\public\wp-includes\class-wp-hook.php(332): WP_Hook->apply_filters(NULL, Array)
#5 C:\Users\racic\Local Sites\comesebebes\app\public\wp-includes\plugin.php(517): WP_Hook->do_action(Array)
#6 C:\Users\racic\Local Sites\comesebebes\app\public\wp-content\themes\comes-bebes\woocommerce\content-single-product.php(117): do_action('woocommerce_aft...')
#7 C:\Users\racic\Local Sites\comesebebes\app\public\wp-includes\template.php(785): require('C:\\Users\\racic\\...')
#8 C:\Users\racic\Local Sites\comesebebes\app\public\wp-content\plugins\woocommerce\includes\wc-core-functions.php(284): load_template('C:\\Users\\racic\\...', false)
#9 C:\Users\racic\Local Sites\comesebebes\app\public\wp-content\themes\comes-bebes\woocommerce\single-product.php(38): wc_get_template_part('content', 'single-product')
#10 C:\Users\racic\Local Sites\comesebebes\app\public\wp-includes\template-loader.php(106): include('C:\\Users\\racic\\...')
#11 C:\Users\racic\Local Sites\comesebebes\app\public\wp-blog-header.php(19): require_once('C:\\Users\\racic\\...')
#12 C:\Users\racic\Local Sites\comesebebes\app\public\index.php(17): require('C:\\Users\\racic\\...')
#13 {main}
  thrown, em C:\Users\racic\Local Sites\comesebebes\app\public\wp-content\themes\comes-bebes\woocommerce\single-product\related.php, na linha 33

2023-02-10T00:17:09+00:00 CRITICAL Uncaught Error: Object of class WP_Term could not be converted to string in C:\Users\racic\Local Sites\comesebebes\app\public\wp-content\themes\comes-bebes\woocommerce\single-product\related.php:36
Stack trace:
#0 C:\Users\racic\Local Sites\comesebebes\app\public\wp-content\plugins\woocommerce\includes\wc-core-functions.php(345): include()
#1 C:\Users\racic\Local Sites\comesebebes\app\public\wp-content\plugins\woocommerce\includes\wc-template-functions.php(2138): wc_get_template('single-product/...', Array)
#2 C:\Users\racic\Local Sites\comesebebes\app\public\wp-content\plugins\woocommerce\includes\wc-template-functions.php(2100): woocommerce_related_products(Array)
#3 C:\Users\racic\Local Sites\comesebebes\app\public\wp-includes\class-wp-hook.php(308): woocommerce_output_related_products('')
#4 C:\Users\racic\Local Sites\comesebebes\app\public\wp-includes\class-wp-hook.php(332): WP_Hook->apply_filters(NULL, Array)
#5 C:\Users\racic\Local Sites\comesebebes\app\public\wp-includes\plugin.php(517): WP_Hook->do_action(Array)
#6 C:\Users\racic\Local Sites\comesebebes\app\public\wp-content\themes\comes-bebes\woocommerce\content-single-product.php(117): do_action('woocommerce_aft...')
#7 C:\Users\racic\Local Sites\comesebebes\app\public\wp-includes\template.php(785): require('C:\\Users\\racic\\...')
#8 C:\Users\racic\Local Sites\comesebebes\app\public\wp-content\plugins\woocommerce\includes\wc-core-functions.php(284): load_template('C:\\Users\\racic\\...', false)
#9 C:\Users\racic\Local Sites\comesebebes\app\public\wp-content\themes\comes-bebes\woocommerce\single-product.php(38): wc_get_template_part('content', 'single-product')
#10 C:\Users\racic\Local Sites\comesebebes\app\public\wp-includes\template-loader.php(106): include('C:\\Users\\racic\\...')
#11 C:\Users\racic\Local Sites\comesebebes\app\public\wp-blog-header.php(19): require_once('C:\\Users\\racic\\...')
#12 C:\Users\racic\Local Sites\comesebebes\app\public\index.php(17): require('C:\\Users\\racic\\...')
#13 {main}
  thrown, em C:\Users\racic\Local Sites\comesebebes\app\public\wp-content\themes\comes-bebes\woocommerce\single-product\related.php, na linha 36

2023-02-10T00:25:28+00:00 CRITICAL Uncaught Error: Call to undefined function strtouper() in C:\Users\racic\Local Sites\comesebebes\app\public\wp-content\themes\comes-bebes\woocommerce\single-product\related.php:36
Stack trace:
#0 C:\Users\racic\Local Sites\comesebebes\app\public\wp-content\plugins\woocommerce\includes\wc-core-functions.php(345): include()
#1 C:\Users\racic\Local Sites\comesebebes\app\public\wp-content\plugins\woocommerce\includes\wc-template-functions.php(2138): wc_get_template('single-product/...', Array)
#2 C:\Users\racic\Local Sites\comesebebes\app\public\wp-content\plugins\woocommerce\includes\wc-template-functions.php(2100): woocommerce_related_products(Array)
#3 C:\Users\racic\Local Sites\comesebebes\app\public\wp-includes\class-wp-hook.php(308): woocommerce_output_related_products('')
#4 C:\Users\racic\Local Sites\comesebebes\app\public\wp-includes\class-wp-hook.php(332): WP_Hook->apply_filters(NULL, Array)
#5 C:\Users\racic\Local Sites\comesebebes\app\public\wp-includes\plugin.php(517): WP_Hook->do_action(Array)
#6 C:\Users\racic\Local Sites\comesebebes\app\public\wp-content\themes\comes-bebes\woocommerce\content-single-product.php(117): do_action('woocommerce_aft...')
#7 C:\Users\racic\Local Sites\comesebebes\app\public\wp-includes\template.php(785): require('C:\\Users\\racic\\...')
#8 C:\Users\racic\Local Sites\comesebebes\app\public\wp-content\plugins\woocommerce\includes\wc-core-functions.php(284): load_template('C:\\Users\\racic\\...', false)
#9 C:\Users\racic\Local Sites\comesebebes\app\public\wp-content\themes\comes-bebes\woocommerce\single-product.php(38): wc_get_template_part('content', 'single-product')
#10 C:\Users\racic\Local Sites\comesebebes\app\public\wp-includes\template-loader.php(106): include('C:\\Users\\racic\\...')
#11 C:\Users\racic\Local Sites\comesebebes\app\public\wp-blog-header.php(19): require_once('C:\\Users\\racic\\...')
#12 C:\Users\racic\Local Sites\comesebebes\app\public\index.php(17): require('C:\\Users\\racic\\...')
#13 {main}
  thrown, em C:\Users\racic\Local Sites\comesebebes\app\public\wp-content\themes\comes-bebes\woocommerce\single-product\related.php, na linha 36

2023-02-10T22:00:10+00:00 CRITICAL syntax error, unexpected token "<", em C:\Users\racic\Local Sites\comesebebes\app\public\wp-content\themes\projeto-final-injunior\footer.php, na linha 93

2023-02-10T22:28:25+00:00 CRITICAL Uncaught Error: Call to undefined function redirect() in C:\Users\racic\Local Sites\comesebebes\app\public\wp-content\themes\projeto-final-injunior\woocommerce\cart\cart.php:21
Stack trace:
#0 C:\Users\racic\Local Sites\comesebebes\app\public\wp-content\plugins\woocommerce\includes\wc-core-functions.php(345): include()
#1 C:\Users\racic\Local Sites\comesebebes\app\public\wp-content\plugins\woocommerce\includes\shortcodes\class-wc-shortcode-cart.php(99): wc_get_template('cart/cart.php')
#2 C:\Users\racic\Local Sites\comesebebes\app\public\wp-content\plugins\woocommerce\includes\class-wc-shortcodes.php(72): WC_Shortcode_Cart::output(Array)
#3 C:\Users\racic\Local Sites\comesebebes\app\public\wp-content\plugins\woocommerce\includes\class-wc-shortcodes.php(85): WC_Shortcodes::shortcode_wrapper(Array)
#4 C:\Users\racic\Local Sites\comesebebes\app\public\wp-includes\shortcodes.php(355): WC_Shortcodes::cart('', '', 'woocommerce_car...')
#5 [internal function]: do_shortcode_tag(Array)
#6 C:\Users\racic\Local Sites\comesebebes\app\public\wp-includes\shortcodes.php(227): preg_replace_callback('/\\[(\\[?)(woocom...', 'do_shortcode_ta...', '[woocommerce_ca...')
#7 C:\Users\racic\Local Sites\comesebebes\app\public\wp-includes\class-wp-hook.php(308): do_shortcode('[woocommerce_ca...')
#8 C:\Users\racic\Local Sites\comesebebes\app\public\wp-includes\plugin.php(205): WP_Hook->apply_filters('[woocommerce_ca...', Array)
#9 C:\Users\racic\Local Sites\comesebebes\app\public\wp-includes\post-template.php(255): apply_filters('the_content', '<!-- wp:shortco...')
#10 C:\Users\racic\Local Sites\comesebebes\app\public\wp-content\themes\projeto-final-injunior\index.php(7): the_content()
#11 C:\Users\racic\Local Sites\comesebebes\app\public\wp-includes\template-loader.php(106): include('C:\\Users\\racic\\...')
#12 C:\Users\racic\Local Sites\comesebebes\app\public\wp-blog-header.php(19): require_once('C:\\Users\\racic\\...')
#13 C:\Users\racic\Local Sites\comesebebes\app\public\index.php(17): require('C:\\Users\\racic\\...')
#14 {main}
  thrown, em C:\Users\racic\Local Sites\comesebebes\app\public\wp-content\themes\projeto-final-injunior\woocommerce\cart\cart.php, na linha 21

2023-02-10T22:33:48+00:00 CRITICAL Uncaught Error: Call to undefined function wc_endpoint_url() in C:\Users\racic\Local Sites\comesebebes\app\public\wp-content\themes\projeto-final-injunior\woocommerce\cart\cart.php:21
Stack trace:
#0 C:\Users\racic\Local Sites\comesebebes\app\public\wp-content\plugins\woocommerce\includes\wc-core-functions.php(345): include()
#1 C:\Users\racic\Local Sites\comesebebes\app\public\wp-content\plugins\woocommerce\includes\shortcodes\class-wc-shortcode-cart.php(99): wc_get_template('cart/cart.php')
#2 C:\Users\racic\Local Sites\comesebebes\app\public\wp-content\plugins\woocommerce\includes\class-wc-shortcodes.php(72): WC_Shortcode_Cart::output(Array)
#3 C:\Users\racic\Local Sites\comesebebes\app\public\wp-content\plugins\woocommerce\includes\class-wc-shortcodes.php(85): WC_Shortcodes::shortcode_wrapper(Array)
#4 C:\Users\racic\Local Sites\comesebebes\app\public\wp-includes\shortcodes.php(355): WC_Shortcodes::cart('', '', 'woocommerce_car...')
#5 [internal function]: do_shortcode_tag(Array)
#6 C:\Users\racic\Local Sites\comesebebes\app\public\wp-includes\shortcodes.php(227): preg_replace_callback('/\\[(\\[?)(woocom...', 'do_shortcode_ta...', '[woocommerce_ca...')
#7 C:\Users\racic\Local Sites\comesebebes\app\public\wp-includes\class-wp-hook.php(308): do_shortcode('[woocommerce_ca...')
#8 C:\Users\racic\Local Sites\comesebebes\app\public\wp-includes\plugin.php(205): WP_Hook->apply_filters('[woocommerce_ca...', Array)
#9 C:\Users\racic\Local Sites\comesebebes\app\public\wp-includes\post-template.php(255): apply_filters('the_content', '<!-- wp:shortco...')
#10 C:\Users\racic\Local Sites\comesebebes\app\public\wp-content\themes\projeto-final-injunior\index.php(7): the_content()
#11 C:\Users\racic\Local Sites\comesebebes\app\public\wp-includes\template-loader.php(106): include('C:\\Users\\racic\\...')
#12 C:\Users\racic\Local Sites\comesebebes\app\public\wp-blog-header.php(19): require_once('C:\\Users\\racic\\...')
#13 C:\Users\racic\Local Sites\comesebebes\app\public\index.php(17): require('C:\\Users\\racic\\...')
#14 {main}
  thrown, em C:\Users\racic\Local Sites\comesebebes\app\public\wp-content\themes\projeto-final-injunior\woocommerce\cart\cart.php, na linha 21

2023-02-10T22:37:35+00:00 CRITICAL Uncaught ArgumentCountError: Too few arguments to function wc_get_endpoint_url(), 0 passed in C:\Users\racic\Local Sites\comesebebes\app\public\wp-content\themes\projeto-final-injunior\woocommerce\cart\cart.php on line 21 and at least 1 expected in C:\Users\racic\Local Sites\comesebebes\app\public\wp-content\plugins\woocommerce\includes\wc-page-functions.php:88
Stack trace:
#0 C:\Users\racic\Local Sites\comesebebes\app\public\wp-content\themes\projeto-final-injunior\woocommerce\cart\cart.php(21): wc_get_endpoint_url()
#1 C:\Users\racic\Local Sites\comesebebes\app\public\wp-content\plugins\woocommerce\includes\wc-core-functions.php(345): include('C:\\Users\\racic\\...')
#2 C:\Users\racic\Local Sites\comesebebes\app\public\wp-content\plugins\woocommerce\includes\shortcodes\class-wc-shortcode-cart.php(99): wc_get_template('cart/cart.php')
#3 C:\Users\racic\Local Sites\comesebebes\app\public\wp-content\plugins\woocommerce\includes\class-wc-shortcodes.php(72): WC_Shortcode_Cart::output(Array)
#4 C:\Users\racic\Local Sites\comesebebes\app\public\wp-content\plugins\woocommerce\includes\class-wc-shortcodes.php(85): WC_Shortcodes::shortcode_wrapper(Array)
#5 C:\Users\racic\Local Sites\comesebebes\app\public\wp-includes\shortcodes.php(355): WC_Shortcodes::cart('', '', 'woocommerce_car...')
#6 [internal function]: do_shortcode_tag(Array)
#7 C:\Users\racic\Local Sites\comesebebes\app\public\wp-includes\shortcodes.php(227): preg_replace_callback('/\\[(\\[?)(woocom...', 'do_shortcode_ta...', '[woocommerce_ca...')
#8 C:\Users\racic\Local Sites\comesebebes\app\public\wp-includes\class-wp-hook.php(308): do_shortcode('[woocommerce_ca...')
#9 C:\Users\racic\Local Sites\comesebebes\app\public\wp-includes\plugin.php(205): WP_Hook->apply_filters('[woocommerce_ca...', Array)
#10 C:\Users\racic\Local Sites\comesebebes\app\public\wp-includes\post-template.php(255): apply_filters('the_content', '<!-- wp:shortco...')
#11 C:\Users\racic\Local Sites\comesebebes\app\public\wp-content\themes\projeto-final-injunior\index.php(7): the_content()
#12 C:\Users\racic\Local Sites\comesebebes\app\public\wp-includes\template-loader.php(106): include('C:\\Users\\racic\\...')
#13 C:\Users\racic\Local Sites\comesebebes\app\public\wp-blog-header.php(19): require_once('C:\\Users\\racic\\...')
#14 C:\Users\racic\Local Sites\comesebebes\app\public\index.php(17): require('C:\\Users\\racic\\...')
#15 {main}
  thrown, em C:\Users\racic\Local Sites\comesebebes\app\public\wp-content\plugins\woocommerce\includes\wc-page-functions.php, na linha 88

2023-02-10T20:12:05-03:00 CRITICAL Uncaught TypeError: str_split(): Argument #2 ($length) must be of type int, string given in C:\Users\racic\Local Sites\comesebebes\app\public\wp-content\themes\projeto-final-injunior\page-home.php:80
Stack trace:
#0 C:\Users\racic\Local Sites\comesebebes\app\public\wp-content\themes\projeto-final-injunior\page-home.php(80): str_split('4, 5, 6', ',')
#1 C:\Users\racic\Local Sites\comesebebes\app\public\wp-includes\template-loader.php(106): include('C:\\Users\\racic\\...')
#2 C:\Users\racic\Local Sites\comesebebes\app\public\wp-blog-header.php(19): require_once('C:\\Users\\racic\\...')
#3 C:\Users\racic\Local Sites\comesebebes\app\public\index.php(17): require('C:\\Users\\racic\\...')
#4 {main}
  thrown, em C:\Users\racic\Local Sites\comesebebes\app\public\wp-content\themes\projeto-final-injunior\page-home.php, na linha 80

2023-02-10T20:12:42-03:00 CRITICAL Uncaught TypeError: str_split(): Argument #2 ($length) must be of type int, string given in C:\Users\racic\Local Sites\comesebebes\app\public\wp-content\themes\projeto-final-injunior\page-home.php:80
Stack trace:
#0 C:\Users\racic\Local Sites\comesebebes\app\public\wp-content\themes\projeto-final-injunior\page-home.php(80): str_split('4, 5, 6', ',')
#1 C:\Users\racic\Local Sites\comesebebes\app\public\wp-includes\template-loader.php(106): include('C:\\Users\\racic\\...')
#2 C:\Users\racic\Local Sites\comesebebes\app\public\wp-blog-header.php(19): require_once('C:\\Users\\racic\\...')
#3 C:\Users\racic\Local Sites\comesebebes\app\public\index.php(17): require('C:\\Users\\racic\\...')
#4 {main}
  thrown, em C:\Users\racic\Local Sites\comesebebes\app\public\wp-content\themes\projeto-final-injunior\page-home.php, na linha 80

2023-02-10T20:12:43-03:00 CRITICAL Uncaught TypeError: str_split(): Argument #2 ($length) must be of type int, string given in C:\Users\racic\Local Sites\comesebebes\app\public\wp-content\themes\projeto-final-injunior\page-home.php:80
Stack trace:
#0 C:\Users\racic\Local Sites\comesebebes\app\public\wp-content\themes\projeto-final-injunior\page-home.php(80): str_split('4, 5, 6', ',')
#1 C:\Users\racic\Local Sites\comesebebes\app\public\wp-includes\template-loader.php(106): include('C:\\Users\\racic\\...')
#2 C:\Users\racic\Local Sites\comesebebes\app\public\wp-blog-header.php(19): require_once('C:\\Users\\racic\\...')
#3 C:\Users\racic\Local Sites\comesebebes\app\public\index.php(17): require('C:\\Users\\racic\\...')
#4 {main}
  thrown, em C:\Users\racic\Local Sites\comesebebes\app\public\wp-content\themes\projeto-final-injunior\page-home.php, na linha 80

2023-02-10T20:16:24-03:00 CRITICAL Uncaught TypeError: str_split(): Argument #2 ($length) must be of type int, string given in C:\Users\racic\Local Sites\comesebebes\app\public\wp-content\themes\projeto-final-injunior\page-home.php:79
Stack trace:
#0 C:\Users\racic\Local Sites\comesebebes\app\public\wp-content\themes\projeto-final-injunior\page-home.php(79): str_split('5', ',')
#1 C:\Users\racic\Local Sites\comesebebes\app\public\wp-includes\template-loader.php(106): include('C:\\Users\\racic\\...')
#2 C:\Users\racic\Local Sites\comesebebes\app\public\wp-blog-header.php(19): require_once('C:\\Users\\racic\\...')
#3 C:\Users\racic\Local Sites\comesebebes\app\public\index.php(17): require('C:\\Users\\racic\\...')
#4 {main}
  thrown, em C:\Users\racic\Local Sites\comesebebes\app\public\wp-content\themes\projeto-final-injunior\page-home.php, na linha 79

